<?xml version="1.0" encoding="UTF-8"?>
<coverage generated="1618786250852" clover="3.2.0">
  <project timestamp="1618786250852" name="All files">
    <metrics statements="46" coveredstatements="45" conditionals="14" coveredconditionals="13" methods="17" coveredmethods="16" elements="77" coveredelements="74" complexity="0" loc="46" ncloc="46" packages="1" files="1" classes="1"/>
    <file name="index.js" path="C:\Users\N20\Documents\GitHub\LIM014-mdlinks\src\index.js">
      <metrics statements="46" coveredstatements="45" conditionals="14" coveredconditionals="13" methods="17" coveredmethods="16"/>
      <line num="1" count="2" type="stmt"/>
      <line num="2" count="2" type="stmt"/>
      <line num="3" count="2" type="stmt"/>
      <line num="4" count="2" type="stmt"/>
      <line num="8" count="2" type="stmt"/>
      <line num="9" count="2" type="stmt"/>
      <line num="12" count="2" type="stmt"/>
      <line num="16" count="15" type="cond" truecount="2" falsecount="0"/>
      <line num="21" count="2" type="stmt"/>
      <line num="26" count="16" type="stmt"/>
      <line num="30" count="13" type="stmt"/>
      <line num="34" count="4" type="stmt"/>
      <line num="40" count="2" type="stmt"/>
      <line num="41" count="4" type="stmt"/>
      <line num="42" count="12" type="stmt"/>
      <line num="47" count="2" type="stmt"/>
      <line num="48" count="14" type="stmt"/>
      <line num="49" count="14" type="stmt"/>
      <line num="50" count="14" type="cond" truecount="2" falsecount="0"/>
      <line num="51" count="10" type="cond" truecount="2" falsecount="0"/>
      <line num="52" count="5" type="stmt"/>
      <line num="55" count="4" type="stmt"/>
      <line num="56" count="12" type="stmt"/>
      <line num="57" count="12" type="stmt"/>
      <line num="58" count="12" type="stmt"/>
      <line num="61" count="14" type="stmt"/>
      <line num="65" count="2" type="stmt"/>
      <line num="70" count="2" type="stmt"/>
      <line num="71" count="1" type="stmt"/>
      <line num="72" count="1" type="stmt"/>
      <line num="73" count="1" type="stmt"/>
      <line num="74" count="1" type="stmt"/>
      <line num="75" count="1" type="stmt"/>
      <line num="80" count="1" type="stmt"/>
      <line num="82" count="1" type="stmt"/>
      <line num="84" count="1" type="stmt"/>
      <line num="89" count="2" type="stmt"/>
      <line num="90" count="2" type="stmt"/>
      <line num="91" count="2" type="stmt"/>
      <line num="93" count="2" type="cond" truecount="4" falsecount="0"/>
      <line num="94" count="1" type="stmt"/>
      <line num="101" count="1" type="cond" truecount="3" falsecount="1"/>
      <line num="102" count="1" type="stmt"/>
      <line num="111" count="0" type="stmt"/>
      <line num="120" count="2" type="stmt"/>
      <line num="127" count="2" type="stmt"/>
    </file>
  </project>
</coverage>
