{"C:\\Users\\N20\\Documents\\GitHub\\LIM014-mdlinks\\src\\index.js": {"path":"C:\\Users\\N20\\Documents\\GitHub\\LIM014-mdlinks\\src\\index.js","statementMap":{"0":{"start":{"line":1,"column":13},"end":{"line":1,"column":28}},"1":{"start":{"line":2,"column":11},"end":{"line":2,"column":24}},"2":{"start":{"line":3,"column":15},"end":{"line":3,"column":32}},"3":{"start":{"line":4,"column":14},"end":{"line":4,"column":35}},"4":{"start":{"line":7,"column":21},"end":{"line":7,"column":35}},"5":{"start":{"line":8,"column":21},"end":{"line":8,"column":86}},"6":{"start":{"line":11,"column":17},"end":{"line":11,"column":46}},"7":{"start":{"line":15,"column":0},"end":{"line":15,"column":86}},"8":{"start":{"line":20,"column":2},"end":{"line":20,"column":37}},"9":{"start":{"line":25,"column":16},"end":{"line":25,"column":68}},"10":{"start":{"line":25,"column":34},"end":{"line":25,"column":68}},"11":{"start":{"line":29,"column":13},"end":{"line":29,"column":59}},"12":{"start":{"line":29,"column":32},"end":{"line":29,"column":58}},"13":{"start":{"line":33,"column":23},"end":{"line":33,"column":69}},"14":{"start":{"line":33,"column":41},"end":{"line":33,"column":69}},"15":{"start":{"line":39,"column":33},"end":{"line":42,"column":1}},"16":{"start":{"line":40,"column":2},"end":{"line":41,"column":31}},"17":{"start":{"line":41,"column":4},"end":{"line":41,"column":29}},"18":{"start":{"line":46,"column":22},"end":{"line":61,"column":1}},"19":{"start":{"line":47,"column":21},"end":{"line":47,"column":23}},"20":{"start":{"line":48,"column":19},"end":{"line":48,"column":38}},"21":{"start":{"line":49,"column":2},"end":{"line":59,"column":3}},"22":{"start":{"line":50,"column":4},"end":{"line":52,"column":5}},"23":{"start":{"line":51,"column":6},"end":{"line":51,"column":34}},"24":{"start":{"line":54,"column":4},"end":{"line":58,"column":7}},"25":{"start":{"line":55,"column":30},"end":{"line":55,"column":37}},"26":{"start":{"line":56,"column":35},"end":{"line":56,"column":65}},"27":{"start":{"line":57,"column":6},"end":{"line":57,"column":63}},"28":{"start":{"line":60,"column":2},"end":{"line":60,"column":22}},"29":{"start":{"line":64,"column":21},"end":{"line":64,"column":65}},"30":{"start":{"line":64,"column":32},"end":{"line":64,"column":65}},"31":{"start":{"line":69,"column":21},"end":{"line":84,"column":1}},"32":{"start":{"line":70,"column":19},"end":{"line":70,"column":21}},"33":{"start":{"line":71,"column":19},"end":{"line":71,"column":40}},"34":{"start":{"line":72,"column":2},"end":{"line":82,"column":5}},"35":{"start":{"line":73,"column":4},"end":{"line":80,"column":6}},"36":{"start":{"line":74,"column":29},"end":{"line":78,"column":7}},"37":{"start":{"line":79,"column":6},"end":{"line":79,"column":38}},"38":{"start":{"line":81,"column":4},"end":{"line":81,"column":45}},"39":{"start":{"line":83,"column":2},"end":{"line":83,"column":20}},"40":{"start":{"line":88,"column":24},"end":{"line":120,"column":1}},"41":{"start":{"line":89,"column":22},"end":{"line":118,"column":5}},"42":{"start":{"line":90,"column":2},"end":{"line":117,"column":6}},"43":{"start":{"line":92,"column":6},"end":{"line":108,"column":7}},"44":{"start":{"line":93,"column":8},"end":{"line":99,"column":9}},"45":{"start":{"line":100,"column":13},"end":{"line":108,"column":7}},"46":{"start":{"line":101,"column":7},"end":{"line":107,"column":9}},"47":{"start":{"line":110,"column":6},"end":{"line":116,"column":7}},"48":{"start":{"line":119,"column":2},"end":{"line":119,"column":34}},"49":{"start":{"line":126,"column":0},"end":{"line":137,"column":2}}},"fnMap":{"0":{"name":"validatePath","decl":{"start":{"line":14,"column":9},"end":{"line":14,"column":21}},"loc":{"start":{"line":14,"column":35},"end":{"line":15,"column":87}},"line":14},"1":{"name":"existsRoute","decl":{"start":{"line":19,"column":9},"end":{"line":19,"column":20}},"loc":{"start":{"line":19,"column":35},"end":{"line":21,"column":1}},"line":19},"2":{"name":"(anonymous_2)","decl":{"start":{"line":25,"column":16},"end":{"line":25,"column":17}},"loc":{"start":{"line":25,"column":34},"end":{"line":25,"column":68}},"line":25},"3":{"name":"(anonymous_3)","decl":{"start":{"line":29,"column":13},"end":{"line":29,"column":14}},"loc":{"start":{"line":29,"column":32},"end":{"line":29,"column":58}},"line":29},"4":{"name":"(anonymous_4)","decl":{"start":{"line":33,"column":23},"end":{"line":33,"column":24}},"loc":{"start":{"line":33,"column":41},"end":{"line":33,"column":69}},"line":33},"5":{"name":"(anonymous_5)","decl":{"start":{"line":39,"column":33},"end":{"line":39,"column":34}},"loc":{"start":{"line":39,"column":44},"end":{"line":42,"column":1}},"line":39},"6":{"name":"(anonymous_6)","decl":{"start":{"line":40,"column":35},"end":{"line":40,"column":36}},"loc":{"start":{"line":41,"column":4},"end":{"line":41,"column":29}},"line":41},"7":{"name":"(anonymous_7)","decl":{"start":{"line":46,"column":22},"end":{"line":46,"column":23}},"loc":{"start":{"line":46,"column":33},"end":{"line":61,"column":1}},"line":46},"8":{"name":"(anonymous_8)","decl":{"start":{"line":54,"column":44},"end":{"line":54,"column":45}},"loc":{"start":{"line":54,"column":57},"end":{"line":58,"column":5}},"line":54},"9":{"name":"(anonymous_9)","decl":{"start":{"line":64,"column":21},"end":{"line":64,"column":22}},"loc":{"start":{"line":64,"column":32},"end":{"line":64,"column":65}},"line":64},"10":{"name":"(anonymous_10)","decl":{"start":{"line":69,"column":21},"end":{"line":69,"column":22}},"loc":{"start":{"line":69,"column":32},"end":{"line":84,"column":1}},"line":69},"11":{"name":"(anonymous_11)","decl":{"start":{"line":72,"column":31},"end":{"line":72,"column":32}},"loc":{"start":{"line":72,"column":41},"end":{"line":82,"column":3}},"line":72},"12":{"name":"(anonymous_12)","decl":{"start":{"line":73,"column":20},"end":{"line":73,"column":21}},"loc":{"start":{"line":73,"column":43},"end":{"line":80,"column":5}},"line":73},"13":{"name":"(anonymous_13)","decl":{"start":{"line":88,"column":24},"end":{"line":88,"column":25}},"loc":{"start":{"line":88,"column":41},"end":{"line":120,"column":1}},"line":88},"14":{"name":"(anonymous_14)","decl":{"start":{"line":89,"column":38},"end":{"line":89,"column":39}},"loc":{"start":{"line":90,"column":2},"end":{"line":117,"column":6}},"line":90},"15":{"name":"(anonymous_15)","decl":{"start":{"line":91,"column":10},"end":{"line":91,"column":11}},"loc":{"start":{"line":91,"column":19},"end":{"line":108,"column":8}},"line":91},"16":{"name":"(anonymous_16)","decl":{"start":{"line":109,"column":11},"end":{"line":109,"column":12}},"loc":{"start":{"line":109,"column":17},"end":{"line":117,"column":5}},"line":109}},"branchMap":{"0":{"loc":{"start":{"line":15,"column":7},"end":{"line":15,"column":86}},"type":"cond-expr","locations":[{"start":{"line":15,"column":45},"end":{"line":15,"column":57}},{"start":{"line":15,"column":60},"end":{"line":15,"column":86}}],"line":15},"1":{"loc":{"start":{"line":49,"column":2},"end":{"line":59,"column":3}},"type":"if","locations":[{"start":{"line":49,"column":2},"end":{"line":59,"column":3}},{"start":{"line":49,"column":2},"end":{"line":59,"column":3}}],"line":49},"2":{"loc":{"start":{"line":50,"column":4},"end":{"line":52,"column":5}},"type":"if","locations":[{"start":{"line":50,"column":4},"end":{"line":52,"column":5}},{"start":{"line":50,"column":4},"end":{"line":52,"column":5}}],"line":50},"3":{"loc":{"start":{"line":92,"column":6},"end":{"line":108,"column":7}},"type":"if","locations":[{"start":{"line":92,"column":6},"end":{"line":108,"column":7}},{"start":{"line":92,"column":6},"end":{"line":108,"column":7}}],"line":92},"4":{"loc":{"start":{"line":92,"column":9},"end":{"line":92,"column":51}},"type":"binary-expr","locations":[{"start":{"line":92,"column":10},"end":{"line":92,"column":27}},{"start":{"line":92,"column":33},"end":{"line":92,"column":50}}],"line":92},"5":{"loc":{"start":{"line":100,"column":13},"end":{"line":108,"column":7}},"type":"if","locations":[{"start":{"line":100,"column":13},"end":{"line":108,"column":7}},{"start":{"line":100,"column":13},"end":{"line":108,"column":7}}],"line":100},"6":{"loc":{"start":{"line":100,"column":16},"end":{"line":100,"column":56}},"type":"binary-expr","locations":[{"start":{"line":100,"column":17},"end":{"line":100,"column":33}},{"start":{"line":100,"column":39},"end":{"line":100,"column":55}}],"line":100}},"s":{"0":2,"1":2,"2":2,"3":2,"4":2,"5":2,"6":2,"7":20,"8":3,"9":2,"10":21,"11":2,"12":16,"13":2,"14":6,"15":2,"16":6,"17":16,"18":2,"19":19,"20":19,"21":19,"22":13,"23":7,"24":6,"25":16,"26":16,"27":16,"28":19,"29":2,"30":3,"31":2,"32":2,"33":2,"34":2,"35":3,"36":3,"37":3,"38":3,"39":2,"40":2,"41":0,"42":0,"43":0,"44":0,"45":0,"46":0,"47":0,"48":0,"49":2},"f":{"0":20,"1":3,"2":21,"3":16,"4":6,"5":6,"6":16,"7":19,"8":16,"9":3,"10":2,"11":3,"12":3,"13":0,"14":0,"15":0,"16":0},"b":{"0":[19,1],"1":[13,6],"2":[7,6],"3":[0,0],"4":[0,0],"5":[0,0],"6":[0,0]},"_coverageSchema":"1a1c01bbd47fc00a2c39e90264f33305004495a9","hash":"a57f5c532436ad7630855cbde956bd0489ed5217"}
,"C:\\Users\\N20\\Documents\\GitHub\\LIM014-mdlinks\\src\\mdlinks.js": {"path":"C:\\Users\\N20\\Documents\\GitHub\\LIM014-mdlinks\\src\\mdlinks.js","statementMap":{"0":{"start":{"line":1,"column":28},"end":{"line":1,"column":49}},"1":{"start":{"line":2,"column":18},"end":{"line":2,"column":39}},"2":{"start":{"line":5,"column":16},"end":{"line":19,"column":1}},"3":{"start":{"line":6,"column":2},"end":{"line":8,"column":3}},"4":{"start":{"line":7,"column":4},"end":{"line":7,"column":37}},"5":{"start":{"line":9,"column":16},"end":{"line":9,"column":50}},"6":{"start":{"line":10,"column":2},"end":{"line":18,"column":3}},"7":{"start":{"line":12,"column":6},"end":{"line":16,"column":7}},"8":{"start":{"line":13,"column":8},"end":{"line":13,"column":39}},"9":{"start":{"line":14,"column":13},"end":{"line":16,"column":7}},"10":{"start":{"line":15,"column":8},"end":{"line":15,"column":23}},"11":{"start":{"line":24,"column":0},"end":{"line":24,"column":25}}},"fnMap":{"0":{"name":"(anonymous_0)","decl":{"start":{"line":5,"column":16},"end":{"line":5,"column":17}},"loc":{"start":{"line":5,"column":44},"end":{"line":19,"column":1}},"line":5},"1":{"name":"(anonymous_1)","decl":{"start":{"line":11,"column":4},"end":{"line":11,"column":5}},"loc":{"start":{"line":11,"column":17},"end":{"line":17,"column":5}},"line":11}},"branchMap":{"0":{"loc":{"start":{"line":5,"column":29},"end":{"line":5,"column":39}},"type":"default-arg","locations":[{"start":{"line":5,"column":37},"end":{"line":5,"column":39}}],"line":5},"1":{"loc":{"start":{"line":6,"column":2},"end":{"line":8,"column":3}},"type":"if","locations":[{"start":{"line":6,"column":2},"end":{"line":8,"column":3}},{"start":{"line":6,"column":2},"end":{"line":8,"column":3}}],"line":6},"2":{"loc":{"start":{"line":12,"column":6},"end":{"line":16,"column":7}},"type":"if","locations":[{"start":{"line":12,"column":6},"end":{"line":16,"column":7}},{"start":{"line":12,"column":6},"end":{"line":16,"column":7}}],"line":12},"3":{"loc":{"start":{"line":14,"column":13},"end":{"line":16,"column":7}},"type":"if","locations":[{"start":{"line":14,"column":13},"end":{"line":16,"column":7}},{"start":{"line":14,"column":13},"end":{"line":16,"column":7}}],"line":14}},"s":{"0":1,"1":1,"2":1,"3":1,"4":0,"5":1,"6":1,"7":1,"8":0,"9":1,"10":1,"11":1},"f":{"0":1,"1":1},"b":{"0":[0],"1":[0,1],"2":[0,1],"3":[1,0]},"_coverageSchema":"1a1c01bbd47fc00a2c39e90264f33305004495a9","hash":"d909fdb467b95c33d716c2e996bd6671c2f75e6c"}
}
