{"C:\\Users\\N20\\Documents\\GitHub\\LIM014-mdlinks\\src\\index.js": {"path":"C:\\Users\\N20\\Documents\\GitHub\\LIM014-mdlinks\\src\\index.js","statementMap":{"0":{"start":{"line":1,"column":13},"end":{"line":1,"column":28}},"1":{"start":{"line":2,"column":11},"end":{"line":2,"column":24}},"2":{"start":{"line":3,"column":15},"end":{"line":3,"column":32}},"3":{"start":{"line":4,"column":14},"end":{"line":4,"column":35}},"4":{"start":{"line":8,"column":21},"end":{"line":8,"column":35}},"5":{"start":{"line":9,"column":21},"end":{"line":9,"column":86}},"6":{"start":{"line":12,"column":17},"end":{"line":12,"column":46}},"7":{"start":{"line":16,"column":0},"end":{"line":16,"column":86}},"8":{"start":{"line":21,"column":2},"end":{"line":21,"column":37}},"9":{"start":{"line":26,"column":16},"end":{"line":26,"column":68}},"10":{"start":{"line":26,"column":34},"end":{"line":26,"column":68}},"11":{"start":{"line":30,"column":13},"end":{"line":30,"column":59}},"12":{"start":{"line":30,"column":32},"end":{"line":30,"column":58}},"13":{"start":{"line":34,"column":23},"end":{"line":34,"column":69}},"14":{"start":{"line":34,"column":41},"end":{"line":34,"column":69}},"15":{"start":{"line":40,"column":33},"end":{"line":43,"column":1}},"16":{"start":{"line":41,"column":2},"end":{"line":42,"column":31}},"17":{"start":{"line":42,"column":4},"end":{"line":42,"column":29}},"18":{"start":{"line":47,"column":22},"end":{"line":62,"column":1}},"19":{"start":{"line":48,"column":21},"end":{"line":48,"column":23}},"20":{"start":{"line":49,"column":19},"end":{"line":49,"column":38}},"21":{"start":{"line":50,"column":2},"end":{"line":60,"column":3}},"22":{"start":{"line":51,"column":4},"end":{"line":53,"column":5}},"23":{"start":{"line":52,"column":6},"end":{"line":52,"column":34}},"24":{"start":{"line":55,"column":4},"end":{"line":59,"column":7}},"25":{"start":{"line":56,"column":30},"end":{"line":56,"column":37}},"26":{"start":{"line":57,"column":35},"end":{"line":57,"column":65}},"27":{"start":{"line":58,"column":6},"end":{"line":58,"column":63}},"28":{"start":{"line":61,"column":2},"end":{"line":61,"column":22}},"29":{"start":{"line":65,"column":21},"end":{"line":65,"column":65}},"30":{"start":{"line":65,"column":32},"end":{"line":65,"column":65}},"31":{"start":{"line":70,"column":21},"end":{"line":85,"column":1}},"32":{"start":{"line":71,"column":19},"end":{"line":71,"column":21}},"33":{"start":{"line":72,"column":19},"end":{"line":72,"column":40}},"34":{"start":{"line":73,"column":2},"end":{"line":83,"column":5}},"35":{"start":{"line":74,"column":4},"end":{"line":81,"column":6}},"36":{"start":{"line":75,"column":29},"end":{"line":79,"column":7}},"37":{"start":{"line":80,"column":6},"end":{"line":80,"column":38}},"38":{"start":{"line":82,"column":4},"end":{"line":82,"column":45}},"39":{"start":{"line":84,"column":2},"end":{"line":84,"column":20}},"40":{"start":{"line":89,"column":24},"end":{"line":121,"column":1}},"41":{"start":{"line":90,"column":22},"end":{"line":119,"column":5}},"42":{"start":{"line":91,"column":2},"end":{"line":118,"column":6}},"43":{"start":{"line":93,"column":6},"end":{"line":109,"column":7}},"44":{"start":{"line":94,"column":8},"end":{"line":100,"column":9}},"45":{"start":{"line":101,"column":13},"end":{"line":109,"column":7}},"46":{"start":{"line":102,"column":7},"end":{"line":108,"column":9}},"47":{"start":{"line":111,"column":6},"end":{"line":117,"column":7}},"48":{"start":{"line":120,"column":2},"end":{"line":120,"column":34}},"49":{"start":{"line":127,"column":0},"end":{"line":138,"column":2}}},"fnMap":{"0":{"name":"validatePath","decl":{"start":{"line":15,"column":9},"end":{"line":15,"column":21}},"loc":{"start":{"line":15,"column":35},"end":{"line":16,"column":87}},"line":15},"1":{"name":"existsRoute","decl":{"start":{"line":20,"column":9},"end":{"line":20,"column":20}},"loc":{"start":{"line":20,"column":35},"end":{"line":22,"column":1}},"line":20},"2":{"name":"(anonymous_2)","decl":{"start":{"line":26,"column":16},"end":{"line":26,"column":17}},"loc":{"start":{"line":26,"column":34},"end":{"line":26,"column":68}},"line":26},"3":{"name":"(anonymous_3)","decl":{"start":{"line":30,"column":13},"end":{"line":30,"column":14}},"loc":{"start":{"line":30,"column":32},"end":{"line":30,"column":58}},"line":30},"4":{"name":"(anonymous_4)","decl":{"start":{"line":34,"column":23},"end":{"line":34,"column":24}},"loc":{"start":{"line":34,"column":41},"end":{"line":34,"column":69}},"line":34},"5":{"name":"(anonymous_5)","decl":{"start":{"line":40,"column":33},"end":{"line":40,"column":34}},"loc":{"start":{"line":40,"column":44},"end":{"line":43,"column":1}},"line":40},"6":{"name":"(anonymous_6)","decl":{"start":{"line":41,"column":35},"end":{"line":41,"column":36}},"loc":{"start":{"line":42,"column":4},"end":{"line":42,"column":29}},"line":42},"7":{"name":"(anonymous_7)","decl":{"start":{"line":47,"column":22},"end":{"line":47,"column":23}},"loc":{"start":{"line":47,"column":33},"end":{"line":62,"column":1}},"line":47},"8":{"name":"(anonymous_8)","decl":{"start":{"line":55,"column":44},"end":{"line":55,"column":45}},"loc":{"start":{"line":55,"column":57},"end":{"line":59,"column":5}},"line":55},"9":{"name":"(anonymous_9)","decl":{"start":{"line":65,"column":21},"end":{"line":65,"column":22}},"loc":{"start":{"line":65,"column":32},"end":{"line":65,"column":65}},"line":65},"10":{"name":"(anonymous_10)","decl":{"start":{"line":70,"column":21},"end":{"line":70,"column":22}},"loc":{"start":{"line":70,"column":32},"end":{"line":85,"column":1}},"line":70},"11":{"name":"(anonymous_11)","decl":{"start":{"line":73,"column":31},"end":{"line":73,"column":32}},"loc":{"start":{"line":73,"column":41},"end":{"line":83,"column":3}},"line":73},"12":{"name":"(anonymous_12)","decl":{"start":{"line":74,"column":20},"end":{"line":74,"column":21}},"loc":{"start":{"line":74,"column":43},"end":{"line":81,"column":5}},"line":74},"13":{"name":"(anonymous_13)","decl":{"start":{"line":89,"column":24},"end":{"line":89,"column":25}},"loc":{"start":{"line":89,"column":41},"end":{"line":121,"column":1}},"line":89},"14":{"name":"(anonymous_14)","decl":{"start":{"line":90,"column":38},"end":{"line":90,"column":39}},"loc":{"start":{"line":91,"column":2},"end":{"line":118,"column":6}},"line":91},"15":{"name":"(anonymous_15)","decl":{"start":{"line":92,"column":10},"end":{"line":92,"column":11}},"loc":{"start":{"line":92,"column":19},"end":{"line":109,"column":8}},"line":92},"16":{"name":"(anonymous_16)","decl":{"start":{"line":110,"column":11},"end":{"line":110,"column":12}},"loc":{"start":{"line":110,"column":17},"end":{"line":118,"column":5}},"line":110}},"branchMap":{"0":{"loc":{"start":{"line":16,"column":7},"end":{"line":16,"column":86}},"type":"cond-expr","locations":[{"start":{"line":16,"column":45},"end":{"line":16,"column":57}},{"start":{"line":16,"column":60},"end":{"line":16,"column":86}}],"line":16},"1":{"loc":{"start":{"line":50,"column":2},"end":{"line":60,"column":3}},"type":"if","locations":[{"start":{"line":50,"column":2},"end":{"line":60,"column":3}},{"start":{"line":50,"column":2},"end":{"line":60,"column":3}}],"line":50},"2":{"loc":{"start":{"line":51,"column":4},"end":{"line":53,"column":5}},"type":"if","locations":[{"start":{"line":51,"column":4},"end":{"line":53,"column":5}},{"start":{"line":51,"column":4},"end":{"line":53,"column":5}}],"line":51},"3":{"loc":{"start":{"line":93,"column":6},"end":{"line":109,"column":7}},"type":"if","locations":[{"start":{"line":93,"column":6},"end":{"line":109,"column":7}},{"start":{"line":93,"column":6},"end":{"line":109,"column":7}}],"line":93},"4":{"loc":{"start":{"line":93,"column":9},"end":{"line":93,"column":51}},"type":"binary-expr","locations":[{"start":{"line":93,"column":10},"end":{"line":93,"column":27}},{"start":{"line":93,"column":33},"end":{"line":93,"column":50}}],"line":93},"5":{"loc":{"start":{"line":101,"column":13},"end":{"line":109,"column":7}},"type":"if","locations":[{"start":{"line":101,"column":13},"end":{"line":109,"column":7}},{"start":{"line":101,"column":13},"end":{"line":109,"column":7}}],"line":101},"6":{"loc":{"start":{"line":101,"column":16},"end":{"line":101,"column":56}},"type":"binary-expr","locations":[{"start":{"line":101,"column":17},"end":{"line":101,"column":33}},{"start":{"line":101,"column":39},"end":{"line":101,"column":55}}],"line":101}},"s":{"0":2,"1":2,"2":2,"3":2,"4":2,"5":2,"6":2,"7":15,"8":2,"9":2,"10":16,"11":2,"12":13,"13":2,"14":4,"15":2,"16":4,"17":12,"18":2,"19":14,"20":14,"21":14,"22":10,"23":5,"24":4,"25":12,"26":12,"27":12,"28":14,"29":2,"30":1,"31":2,"32":1,"33":1,"34":1,"35":1,"36":1,"37":1,"38":1,"39":1,"40":2,"41":2,"42":2,"43":2,"44":1,"45":1,"46":1,"47":0,"48":2,"49":2},"f":{"0":15,"1":2,"2":16,"3":13,"4":4,"5":4,"6":12,"7":14,"8":12,"9":1,"10":1,"11":1,"12":1,"13":2,"14":2,"15":2,"16":0},"b":{"0":[14,1],"1":[10,4],"2":[5,5],"3":[1,1],"4":[2,2],"5":[1,0],"6":[1,1]},"_coverageSchema":"1a1c01bbd47fc00a2c39e90264f33305004495a9","hash":"58d7481a5dbfa6ff40d7d03d60f6aeac62a3445c"}
}
