TN:
SF:src\index.js
FN:14,validatePath
FN:19,existsRoute
FN:25,(anonymous_2)
FN:29,(anonymous_3)
FN:33,(anonymous_4)
FN:39,(anonymous_5)
FN:40,(anonymous_6)
FN:46,(anonymous_7)
FN:54,(anonymous_8)
FN:64,(anonymous_9)
FN:69,(anonymous_10)
FN:72,(anonymous_11)
FN:73,(anonymous_12)
FN:88,(anonymous_13)
FN:89,(anonymous_14)
FN:91,(anonymous_15)
FN:109,(anonymous_16)
FNF:17
FNH:15
FNDA:22,validatePath
FNDA:4,existsRoute
FNDA:23,(anonymous_2)
FNDA:17,(anonymous_3)
FNDA:7,(anonymous_4)
FNDA:7,(anonymous_5)
FNDA:17,(anonymous_6)
FNDA:21,(anonymous_7)
FNDA:17,(anonymous_8)
FNDA:4,(anonymous_9)
FNDA:3,(anonymous_10)
FNDA:4,(anonymous_11)
FNDA:4,(anonymous_12)
FNDA:1,(anonymous_13)
FNDA:1,(anonymous_14)
FNDA:0,(anonymous_15)
FNDA:0,(anonymous_16)
DA:1,2
DA:2,2
DA:3,2
DA:4,2
DA:7,2
DA:8,2
DA:11,2
DA:15,22
DA:20,4
DA:25,23
DA:29,17
DA:33,7
DA:39,2
DA:40,7
DA:41,17
DA:46,2
DA:47,21
DA:48,21
DA:49,21
DA:50,14
DA:51,8
DA:54,7
DA:55,17
DA:56,17
DA:57,17
DA:60,21
DA:64,4
DA:69,2
DA:70,3
DA:71,3
DA:72,3
DA:73,4
DA:74,4
DA:79,4
DA:81,4
DA:83,3
DA:88,2
DA:89,1
DA:90,1
DA:92,0
DA:93,0
DA:100,0
DA:101,0
DA:110,0
DA:119,0
DA:126,2
LF:46
LH:40
BRDA:15,0,0,21
BRDA:15,0,1,1
BRDA:49,1,0,14
BRDA:49,1,1,7
BRDA:50,2,0,8
BRDA:50,2,1,6
BRDA:92,3,0,0
BRDA:92,3,1,0
BRDA:92,4,0,0
BRDA:92,4,1,0
BRDA:100,5,0,0
BRDA:100,5,1,0
BRDA:100,6,0,0
BRDA:100,6,1,0
BRF:14
BRH:6
end_of_record
TN:
SF:src\mdlinks.js
FN:5,(anonymous_0)
FN:11,(anonymous_1)
FNF:2
FNH:2
FNDA:2,(anonymous_0)
FNDA:2,(anonymous_1)
DA:1,1
DA:2,1
DA:5,1
DA:6,2
DA:7,0
DA:9,2
DA:10,2
DA:12,2
DA:13,1
DA:14,1
DA:15,1
DA:24,1
LF:12
LH:11
BRDA:5,0,0,0
BRDA:6,1,0,0
BRDA:6,1,1,2
BRDA:12,2,0,1
BRDA:12,2,1,1
BRDA:14,3,0,1
BRDA:14,3,1,0
BRF:7
BRH:4
end_of_record
