TN:
SF:src\index.js
FN:15,validatePath
FN:20,existsRoute
FN:26,(anonymous_2)
FN:30,(anonymous_3)
FN:34,(anonymous_4)
FN:40,(anonymous_5)
FN:41,(anonymous_6)
FN:47,(anonymous_7)
FN:55,(anonymous_8)
FN:65,(anonymous_9)
FN:70,(anonymous_10)
FN:73,(anonymous_11)
FN:74,(anonymous_12)
FN:89,(anonymous_13)
FN:90,(anonymous_14)
FN:92,(anonymous_15)
FN:110,(anonymous_16)
FNF:17
FNH:16
FNDA:15,validatePath
FNDA:2,existsRoute
FNDA:16,(anonymous_2)
FNDA:13,(anonymous_3)
FNDA:4,(anonymous_4)
FNDA:4,(anonymous_5)
FNDA:12,(anonymous_6)
FNDA:14,(anonymous_7)
FNDA:12,(anonymous_8)
FNDA:1,(anonymous_9)
FNDA:1,(anonymous_10)
FNDA:1,(anonymous_11)
FNDA:1,(anonymous_12)
FNDA:2,(anonymous_13)
FNDA:2,(anonymous_14)
FNDA:2,(anonymous_15)
FNDA:0,(anonymous_16)
DA:1,2
DA:2,2
DA:3,2
DA:4,2
DA:8,2
DA:9,2
DA:12,2
DA:16,15
DA:21,2
DA:26,16
DA:30,13
DA:34,4
DA:40,2
DA:41,4
DA:42,12
DA:47,2
DA:48,14
DA:49,14
DA:50,14
DA:51,10
DA:52,5
DA:55,4
DA:56,12
DA:57,12
DA:58,12
DA:61,14
DA:65,2
DA:70,2
DA:71,1
DA:72,1
DA:73,1
DA:74,1
DA:75,1
DA:80,1
DA:82,1
DA:84,1
DA:89,2
DA:90,2
DA:91,2
DA:93,2
DA:94,1
DA:101,1
DA:102,1
DA:111,0
DA:120,2
DA:127,2
LF:46
LH:45
BRDA:16,0,0,14
BRDA:16,0,1,1
BRDA:50,1,0,10
BRDA:50,1,1,4
BRDA:51,2,0,5
BRDA:51,2,1,5
BRDA:93,3,0,1
BRDA:93,3,1,1
BRDA:93,4,0,2
BRDA:93,4,1,2
BRDA:101,5,0,1
BRDA:101,5,1,0
BRDA:101,6,0,1
BRDA:101,6,1,1
BRF:14
BRH:13
end_of_record
